<?xml version="1.0" encoding="UTF-8"?>
<!-- Generated by org.testng.reporters.JUnitReportReporter -->
<testsuite hostname="EC2AMAZ-S11DBRH" failures="0" tests="3" name="testScripts.PlaceOrderTest" time="0.909" errors="0" timestamp="2023-12-14T07:14:08 GMT" skipped="0">
  <testcase classname="testScripts.PlaceOrderTest" name="validLogin" time="0.072"/>
  <system-out/>
  <testcase classname="testScripts.PlaceOrderTest" name="addItem" time="0.250"/>
  <system-out/>
  <testcase classname="testScripts.PlaceOrderTest" name="chkoutTest" time="0.587"/>
  <system-out/>
</testsuite> <!-- testScripts.PlaceOrderTest -->
